Arguments: 
  /Users/mohammedmulazada/.nvm/versions/node/v9.2.0/bin/node /Users/mohammedmulazada/.nvm/versions/node/v9.2.0/bin/yarn run htmlprocessor ./src/index.html ./dist/

PATH: 
  /Users/mohammedmulazada/Documents/web-minor/web-design/opdracht2/node_modules/.bin:/Users/mohammedmulazada/.config/yarn/link/node_modules/.bin:/Users/mohammedmulazada/Documents/web-minor/web-design/opdracht2/node_modules/.bin:/Users/mohammedmulazada/.config/yarn/link/node_modules/.bin:/Users/mohammedmulazada/.nvm/versions/node/v9.2.0/libexec/lib/node_modules/npm/bin/node-gyp-bin:/Users/mohammedmulazada/.nvm/versions/node/v9.2.0/lib/node_modules/npm/bin/node-gyp-bin:/Users/mohammedmulazada/.nvm/versions/node/v9.2.0/bin/node_modules/npm/bin/node-gyp-bin:/Users/mohammedmulazada/.nvm/versions/node/v9.2.0/bin:/usr/local/bin:/usr/bin:/bin:/usr/sbin:/sbin

Yarn version: 
  1.5.1

Node version: 
  9.2.0

Platform: 
  darwin x64

npm manifest: 
  {
  	"name": "browserify-babel-async-await-demo",
  	"description": "",
  	"license": "MIT",
  	"scripts": {
  		"start": "yarn run dev",
  		"dev":
  			"parallelshell 'yarn run clean' 'yarn run watch:js' 'yarn run watch:css'",
  		"clean": "rimraf ./dist/*",
  		"watch:js":
  			"watchify ./src/index.js -t babelify -o ./dist/bundle.js -v",
  		"watch:css":
  			"postcss --config './src/postcss.config.js' ./src/styles/styles.css -o ./dist/styles/styles.css --verbose -w",
  		"watch:html":
  			"onchange './src/*.html' -- yarn run htmlprocessor ./src/*.html ./dist/"
  	},
  	"devDependencies": {
  		"babel-core": "^6.26.0",
  		"babel-plugin-transform-async-to-generator": "^6.24.1",
  		"babel-plugin-transform-runtime": "^6.23.0",
  		"babel-preset-env": "^1.6.1",
  		"babelify": "^8.0.0",
  		"browser-sync": "^2.23.6",
  		"browserify": "^16.1.1",
  		"cpx": "^1.5.0",
  		"cssnano": "^3.10.0",
  		"htmlprocessor": "^0.2.6",
  		"npm-run-all": "^4.1.2",
  		"onchange": "^3.3.0",
  		"parallelshell": "^3.0.2",
  		"postcss-cli": "^5.0.0",
  		"postcss-cssnext": "^3.1.0",
  		"postcss-custom-properties": "^7.0.0",
  		"postcss-discard-comments": "^2.0.4",
  		"postcss-import": "^11.1.0",
  		"postcss-nesting": "^4.2.1",
  		"postcss-uncss": "^0.16.1",
  		"rimraf": "^2.6.2",
  		"uncss": "^0.16.2",
  		"watchify": "^3.11.0"
  	},
  	"dependencies": {}
  }

yarn manifest: 
  No manifest

Lockfile: 
  No lockfile

Trace: 
  Error: Command failed.
  Exit code: 1
  Command: sh
  Arguments: -c /Users/mohammedmulazada/Documents/web-minor/web-design/opdracht2/node_modules/.bin/htmlprocessor ./src/index.html ./dist/
  Directory: /Users/mohammedmulazada/Documents/web-minor/web-design/opdracht2
  Output:
  
      at ProcessTermError.MessageError (/Users/mohammedmulazada/.nvm/versions/node/v9.2.0/lib/node_modules/yarn/lib/cli.js:186:110)
      at new ProcessTermError (/Users/mohammedmulazada/.nvm/versions/node/v9.2.0/lib/node_modules/yarn/lib/cli.js:226:113)
      at ChildProcess.<anonymous> (/Users/mohammedmulazada/.nvm/versions/node/v9.2.0/lib/node_modules/yarn/lib/cli.js:30281:17)
      at ChildProcess.emit (events.js:159:13)
      at maybeClose (internal/child_process.js:943:16)
      at Process.ChildProcess._handle.onexit (internal/child_process.js:220:5)
